[2025-08-01 11:21:26Z INFO HostContext] No proxy settings were found based on environmental variables (http_proxy/https_proxy/HTTP_PROXY/HTTPS_PROXY)
[2025-08-01 11:21:26Z INFO HostContext] Well known directory 'Bin': 'D:\fullstack-hr-app\actions-runner\bin'
[2025-08-01 11:21:26Z INFO HostContext] Well known directory 'Root': 'D:\fullstack-hr-app\actions-runner'
[2025-08-01 11:21:26Z INFO HostContext] Well known config file 'Credentials': 'D:\fullstack-hr-app\actions-runner\.credentials'
[2025-08-01 11:21:26Z INFO HostContext] Well known directory 'Bin': 'D:\fullstack-hr-app\actions-runner\bin'
[2025-08-01 11:21:26Z INFO HostContext] Well known directory 'Root': 'D:\fullstack-hr-app\actions-runner'
[2025-08-01 11:21:26Z INFO HostContext] Well known config file 'Runner': 'D:\fullstack-hr-app\actions-runner\.runner'
[2025-08-01 11:21:26Z INFO Listener] Runner is built for Windows (X64) - win-x64.
[2025-08-01 11:21:26Z INFO Listener] RuntimeInformation: Microsoft Windows 10.0.19045.
[2025-08-01 11:21:26Z INFO Listener] Version: 2.327.1
[2025-08-01 11:21:26Z INFO Listener] Commit: 9513afd82fbc900d13362cdd4fcdab0538f5124e
[2025-08-01 11:21:26Z INFO Listener] Culture: en-IN
[2025-08-01 11:21:26Z INFO Listener] UI Culture: en-US
[2025-08-01 11:21:26Z INFO HostContext] Well known directory 'Bin': 'D:\fullstack-hr-app\actions-runner\bin'
[2025-08-01 11:21:26Z INFO HostContext] Well known directory 'Root': 'D:\fullstack-hr-app\actions-runner'
[2025-08-01 11:21:26Z INFO Listener] Validating directory permissions for: 'D:\fullstack-hr-app\actions-runner'
[2025-08-01 11:21:26Z INFO CommandLineParser] Parse
[2025-08-01 11:21:26Z INFO CommandLineParser] Parsing 5 args
[2025-08-01 11:21:26Z INFO CommandLineParser] parsing argument
[2025-08-01 11:21:26Z INFO CommandLineParser] HasArgs: False
[2025-08-01 11:21:26Z INFO CommandLineParser] Adding Command: configure
[2025-08-01 11:21:26Z INFO CommandLineParser] parsing argument
[2025-08-01 11:21:26Z INFO CommandLineParser] HasArgs: True
[2025-08-01 11:21:26Z INFO CommandLineParser] arg: url
[2025-08-01 11:21:26Z INFO CommandLineParser] parsing argument
[2025-08-01 11:21:26Z INFO CommandLineParser] HasArgs: True
[2025-08-01 11:21:26Z INFO CommandLineParser] Adding option 'url': 'https://github.com/anumcait/fullstack-hr-app'
[2025-08-01 11:21:26Z INFO CommandLineParser] parsing argument
[2025-08-01 11:21:26Z INFO CommandLineParser] HasArgs: True
[2025-08-01 11:21:26Z INFO CommandLineParser] arg: token
[2025-08-01 11:21:26Z INFO CommandLineParser] parsing argument
[2025-08-01 11:21:26Z INFO CommandLineParser] HasArgs: True
[2025-08-01 11:21:26Z INFO CommandLineParser] Adding option 'token': '***'
[2025-08-01 11:21:26Z INFO Listener] Arguments parsed
[2025-08-01 11:21:26Z INFO Runner] ExecuteCommand
[2025-08-01 11:21:26Z INFO ConfigurationStore] currentAssemblyLocation: D:\fullstack-hr-app\actions-runner\bin\Runner.Listener.dll
[2025-08-01 11:21:26Z INFO HostContext] Well known directory 'Bin': 'D:\fullstack-hr-app\actions-runner\bin'
[2025-08-01 11:21:26Z INFO ConfigurationStore] binPath: D:\fullstack-hr-app\actions-runner\bin
[2025-08-01 11:21:26Z INFO HostContext] Well known directory 'Bin': 'D:\fullstack-hr-app\actions-runner\bin'
[2025-08-01 11:21:26Z INFO HostContext] Well known directory 'Root': 'D:\fullstack-hr-app\actions-runner'
[2025-08-01 11:21:26Z INFO ConfigurationStore] RootFolder: D:\fullstack-hr-app\actions-runner
[2025-08-01 11:21:26Z INFO HostContext] Well known directory 'Bin': 'D:\fullstack-hr-app\actions-runner\bin'
[2025-08-01 11:21:26Z INFO HostContext] Well known directory 'Root': 'D:\fullstack-hr-app\actions-runner'
[2025-08-01 11:21:26Z INFO HostContext] Well known config file 'Runner': 'D:\fullstack-hr-app\actions-runner\.runner'
[2025-08-01 11:21:26Z INFO ConfigurationStore] ConfigFilePath: D:\fullstack-hr-app\actions-runner\.runner
[2025-08-01 11:21:26Z INFO HostContext] Well known directory 'Bin': 'D:\fullstack-hr-app\actions-runner\bin'
[2025-08-01 11:21:26Z INFO HostContext] Well known directory 'Root': 'D:\fullstack-hr-app\actions-runner'
[2025-08-01 11:21:26Z INFO HostContext] Well known config file 'MigratedRunner': 'D:\fullstack-hr-app\actions-runner\.runner_migrated'
[2025-08-01 11:21:26Z INFO ConfigurationStore] MigratedConfigFilePath: D:\fullstack-hr-app\actions-runner\.runner_migrated
[2025-08-01 11:21:26Z INFO HostContext] Well known directory 'Bin': 'D:\fullstack-hr-app\actions-runner\bin'
[2025-08-01 11:21:26Z INFO HostContext] Well known directory 'Root': 'D:\fullstack-hr-app\actions-runner'
[2025-08-01 11:21:26Z INFO HostContext] Well known config file 'Credentials': 'D:\fullstack-hr-app\actions-runner\.credentials'
[2025-08-01 11:21:26Z INFO ConfigurationStore] CredFilePath: D:\fullstack-hr-app\actions-runner\.credentials
[2025-08-01 11:21:26Z INFO HostContext] Well known directory 'Bin': 'D:\fullstack-hr-app\actions-runner\bin'
[2025-08-01 11:21:26Z INFO HostContext] Well known directory 'Root': 'D:\fullstack-hr-app\actions-runner'
[2025-08-01 11:21:26Z INFO HostContext] Well known config file 'MigratedCredentials': 'D:\fullstack-hr-app\actions-runner\.credentials_migrated'
[2025-08-01 11:21:26Z INFO ConfigurationStore] MigratedCredFilePath: D:\fullstack-hr-app\actions-runner\.credentials_migrated
[2025-08-01 11:21:26Z INFO HostContext] Well known directory 'Bin': 'D:\fullstack-hr-app\actions-runner\bin'
[2025-08-01 11:21:26Z INFO HostContext] Well known directory 'Root': 'D:\fullstack-hr-app\actions-runner'
[2025-08-01 11:21:26Z INFO HostContext] Well known config file 'Service': 'D:\fullstack-hr-app\actions-runner\.service'
[2025-08-01 11:21:26Z INFO ConfigurationStore] ServiceConfigFilePath: D:\fullstack-hr-app\actions-runner\.service
[2025-08-01 11:21:26Z INFO CommandSettings] Flag 'help': 'False'
[2025-08-01 11:21:26Z INFO CommandSettings] Flag 'version': 'False'
[2025-08-01 11:21:26Z INFO CommandSettings] Flag 'commit': 'False'
[2025-08-01 11:21:26Z INFO CommandSettings] Flag 'check': 'False'
[2025-08-01 11:21:26Z INFO CommandSettings] Command 'configure': 'True'
[2025-08-01 11:21:26Z INFO Terminal] WRITE LINE: 
[2025-08-01 11:21:26Z INFO Terminal] WRITE LINE: --------------------------------------------------------------------------------
[2025-08-01 11:21:26Z INFO Terminal] WRITE LINE: |        ____ _ _   _   _       _          _        _   _                      |
[2025-08-01 11:21:26Z INFO Terminal] WRITE LINE: |       / ___(_) |_| | | |_   _| |__      / \   ___| |_(_) ___  _ __  ___      |
[2025-08-01 11:21:26Z INFO Terminal] WRITE LINE: |      | |  _| | __| |_| | | | | '_ \    / _ \ / __| __| |/ _ \| '_ \/ __|     |
[2025-08-01 11:21:26Z INFO Terminal] WRITE LINE: |      | |_| | | |_|  _  | |_| | |_) |  / ___ \ (__| |_| | (_) | | | \__ \     |
[2025-08-01 11:21:26Z INFO Terminal] WRITE LINE: |       \____|_|\__|_| |_|\__,_|_.__/  /_/   \_\___|\__|_|\___/|_| |_|___/     |
[2025-08-01 11:21:26Z INFO Terminal] WRITE LINE: |                                                                              |
[2025-08-01 11:21:26Z INFO Terminal] WRITE: |                       
[2025-08-01 11:21:26Z INFO Terminal] WRITE: Self-hosted runner registration
[2025-08-01 11:21:26Z INFO Terminal] WRITE LINE:                         |
[2025-08-01 11:21:26Z INFO Terminal] WRITE LINE: |                                                                              |
[2025-08-01 11:21:26Z INFO Terminal] WRITE LINE: --------------------------------------------------------------------------------
[2025-08-01 11:21:26Z INFO ConfigurationManager] ConfigureAsync
[2025-08-01 11:21:26Z INFO CommandSettings] Flag 'generateServiceConfig': 'False'
[2025-08-01 11:21:26Z INFO ConfigurationStore] IsConfigured()
[2025-08-01 11:21:26Z INFO ConfigurationStore] IsConfigured: False
[2025-08-01 11:21:26Z INFO ConfigurationManager] Is configured: False
[2025-08-01 11:21:26Z INFO CommandSettings] Arg 'url': 'https://github.com/anumcait/fullstack-hr-app'
[2025-08-01 11:21:26Z INFO CommandSettings] Remove url from Arg dictionary.
[2025-08-01 11:21:26Z INFO CommandSettings] Arg 'token': '***'
[2025-08-01 11:21:26Z INFO CommandSettings] Remove token from Arg dictionary.
[2025-08-01 11:21:27Z INFO ConfigurationManager] Http response code: OK from 'POST https://api.github.com/actions/runner-registration' (D4DC:5A3F9:DE9A1C:1060052:688CA336)
[2025-08-01 11:21:27Z INFO ConfigurationManager] Using V2 flow: False
[2025-08-01 11:21:27Z INFO ConfigurationManager] cred retrieved via GitHub auth
[2025-08-01 11:21:27Z INFO RunnerServer] EstablishVssConnection
[2025-08-01 11:21:27Z INFO RunnerServer] Establish connection with 100 seconds timeout.
[2025-08-01 11:21:27Z INFO GitHubActionsService] Starting operation Location.GetConnectionData
[2025-08-01 11:21:27Z INFO RunnerServer] EstablishVssConnection
[2025-08-01 11:21:27Z INFO RunnerServer] Establish connection with 60 seconds timeout.
[2025-08-01 11:21:27Z INFO GitHubActionsService] Starting operation Location.GetConnectionData
[2025-08-01 11:21:27Z INFO RunnerServer] EstablishVssConnection
[2025-08-01 11:21:27Z INFO RunnerServer] Establish connection with 60 seconds timeout.
[2025-08-01 11:21:27Z INFO GitHubActionsService] Starting operation Location.GetConnectionData
[2025-08-01 11:21:28Z INFO GitHubActionsService] Finished operation Location.GetConnectionData
[2025-08-01 11:21:28Z INFO GitHubActionsService] Finished operation Location.GetConnectionData
[2025-08-01 11:21:28Z INFO GitHubActionsService] Finished operation Location.GetConnectionData
[2025-08-01 11:21:28Z INFO Terminal] WRITE LINE: 
[2025-08-01 11:21:28Z INFO ConfigurationManager] Test Connection complete.
[2025-08-01 11:21:28Z INFO HostContext] Well known directory 'Bin': 'D:\fullstack-hr-app\actions-runner\bin'
[2025-08-01 11:21:28Z INFO HostContext] Well known directory 'Root': 'D:\fullstack-hr-app\actions-runner'
[2025-08-01 11:21:28Z INFO HostContext] Well known config file 'RSACredentials': 'D:\fullstack-hr-app\actions-runner\.credentials_rsaparams'
[2025-08-01 11:21:28Z INFO RSAEncryptedFileKeyManager] Creating new RSA key using 2048-bit key length
[2025-08-01 11:21:28Z INFO RSAEncryptedFileKeyManager] Successfully saved RSA key parameters to file D:\fullstack-hr-app\actions-runner\.credentials_rsaparams
[2025-08-01 11:21:29Z INFO CommandSettings] Arg 'runnergroup': ''
[2025-08-01 11:21:29Z INFO CommandSettings] Flag 'unattended': 'False'
[2025-08-01 11:21:29Z INFO PromptManager] ReadValue
[2025-08-01 11:21:29Z INFO Terminal] WRITE: Enter the name of the runner group to add this runner to: 
[2025-08-01 11:21:29Z INFO Terminal] WRITE: [press Enter for Default] 
[2025-08-01 11:21:29Z INFO Terminal] READ LINE
[2025-08-01 11:22:25Z INFO Terminal] Read value: 'hrapp'
[2025-08-01 11:22:25Z INFO Terminal] WRITE LINE: 
[2025-08-01 11:22:25Z ERR  Runner] GitHub.DistributedTask.WebApi.TaskAgentPoolNotFoundException: Could not find any self-hosted runner group named "hrapp".
   at GitHub.Runner.Listener.Configuration.ConfigurationManager.ConfigureAsync(CommandSettings command)
   at GitHub.Runner.Listener.Runner.ExecuteCommand(CommandSettings command)
[2025-08-01 11:22:25Z ERR  Terminal] WRITE ERROR: Could not find any self-hosted runner group named "hrapp".
[2025-08-01 11:22:25Z INFO Listener] Runner execution has finished with return code 1
